<?xml version="1.0" encoding="utf-8"?>
<TestRun id="9862cf08-feb7-4fb5-bbf7-1b819e23f6fa" name="Jerker@DESKTOP-E71H2EF 2025-03-05 15:30:48" runUser="DESKTOP-E71H2EF\Jerker" xmlns="http://microsoft.com/schemas/VisualStudio/TeamTest/2010">
  <Times creation="2025-03-05T15:30:48.2308009+08:00" queuing="2025-03-05T15:30:48.2308014+08:00" start="2025-03-05T15:30:47.4329002+08:00" finish="2025-03-05T15:30:48.2368054+08:00" />
  <TestSettings name="default" id="7d1ee7e8-dad1-4894-af15-060bff02e96c">
    <Deployment runDeploymentRoot="Jerker_DESKTOP-E71H2EF_2025-03-05_15_30_48" />
  </TestSettings>
  <Results>
    <UnitTestResult executionId="1b2230e9-e3a0-4472-8bc8-4e8b0bbb46fa" testId="800fac40-db60-fe02-c09f-6a85790feb36" testName="TestBucket.Formats.UnitTests.XUnit.XUnitSerializerTests.Deserialize_WithTwoTestSuites_TwoRunsDeserializedWithCorrectNames" computerName="DESKTOP-E71H2EF" duration="00:00:00.0003793" startTime="2025-03-05T15:30:48.0899867+08:00" endTime="2025-03-05T15:30:48.0899867+08:00" testType="13cdc9d9-ddb5-4fa4-a97d-d965ccfc6d4b" outcome="Passed" testListId="8c84fa94-04c1-424b-9868-57a2d4851a1d" relativeResultsDirectory="1b2230e9-e3a0-4472-8bc8-4e8b0bbb46fa" />
    <UnitTestResult executionId="375055ee-1d17-4302-9a66-abfe9fbec38b" testId="f81c55ef-1548-8c4b-1859-42912c5334fb" testName="TestBucket.Formats.UnitTests.JUnit.JUnitSerializerTests.Deserialize_WithTwoTestSuites_TwoRunsDeserializedWithCorrectNames" computerName="DESKTOP-E71H2EF" duration="00:00:00.0211315" startTime="2025-03-05T15:30:48.0866190+08:00" endTime="2025-03-05T15:30:48.0866436+08:00" testType="13cdc9d9-ddb5-4fa4-a97d-d965ccfc6d4b" outcome="Passed" testListId="8c84fa94-04c1-424b-9868-57a2d4851a1d" relativeResultsDirectory="375055ee-1d17-4302-9a66-abfe9fbec38b" />
    <UnitTestResult executionId="bcc8ff66-ddbe-4592-a6ed-932189a99438" testId="22a2cd25-de80-abb1-7151-04384bda213b" testName="TestBucket.Formats.UnitTests.JUnit.JUnitSerializerTests.Deserialize_WithPropertiesOnTest_TwoTestsDeserializedWithCorrectTraits" computerName="DESKTOP-E71H2EF" duration="00:00:00.0012995" startTime="2025-03-05T15:30:48.0899412+08:00" endTime="2025-03-05T15:30:48.0899412+08:00" testType="13cdc9d9-ddb5-4fa4-a97d-d965ccfc6d4b" outcome="Passed" testListId="8c84fa94-04c1-424b-9868-57a2d4851a1d" relativeResultsDirectory="bcc8ff66-ddbe-4592-a6ed-932189a99438" />
    <UnitTestResult executionId="f9d767d0-8f54-4e6b-a23c-4f757e9d4233" testId="5b0c5e4a-fbcc-3335-8169-2b0ef4a1bd74" testName="TestBucket.Formats.UnitTests.JUnit.JUnitSerializerTests.Deserialize_WithoutTestSuitesName_RunNameFromFirstSuite" computerName="DESKTOP-E71H2EF" duration="00:00:00.0003635" startTime="2025-03-05T15:30:48.0900087+08:00" endTime="2025-03-05T15:30:48.0900088+08:00" testType="13cdc9d9-ddb5-4fa4-a97d-d965ccfc6d4b" outcome="Passed" testListId="8c84fa94-04c1-424b-9868-57a2d4851a1d" relativeResultsDirectory="f9d767d0-8f54-4e6b-a23c-4f757e9d4233" />
    <UnitTestResult executionId="ececdc48-82c3-405c-adce-3bc5c0f9e7f7" testId="404fa05c-2817-a913-9558-67b2eea25254" testName="TestBucket.Formats.UnitTests.XUnit.XUnitSerializerTests.Deserialize_WithTraitsOnTest_TwoTestsDeserializedWithCorrectTraits" computerName="DESKTOP-E71H2EF" duration="00:00:00.0242581" startTime="2025-03-05T15:30:48.0896562+08:00" endTime="2025-03-05T15:30:48.0896563+08:00" testType="13cdc9d9-ddb5-4fa4-a97d-d965ccfc6d4b" outcome="Passed" testListId="8c84fa94-04c1-424b-9868-57a2d4851a1d" relativeResultsDirectory="ececdc48-82c3-405c-adce-3bc5c0f9e7f7" />
  </Results>
  <TestDefinitions>
    <UnitTest name="TestBucket.Formats.UnitTests.JUnit.JUnitSerializerTests.Deserialize_WithTwoTestSuites_TwoRunsDeserializedWithCorrectNames" storage="d:\local\code\testbucket\tests\testbucket.formats.unittests\bin\debug\net9.0\testbucket.formats.unittests.dll" id="f81c55ef-1548-8c4b-1859-42912c5334fb">
      <Execution id="375055ee-1d17-4302-9a66-abfe9fbec38b" />
      <TestMethod codeBase="D:\local\code\testbucket\tests\TestBucket.Formats.UnitTests\bin\Debug\net9.0\TestBucket.Formats.UnitTests.dll" adapterTypeName="executor://xunit/VsTestRunner2/netcoreapp" className="TestBucket.Formats.UnitTests.JUnit.JUnitSerializerTests" name="Deserialize_WithTwoTestSuites_TwoRunsDeserializedWithCorrectNames" />
    </UnitTest>
    <UnitTest name="TestBucket.Formats.UnitTests.JUnit.JUnitSerializerTests.Deserialize_WithoutTestSuitesName_RunNameFromFirstSuite" storage="d:\local\code\testbucket\tests\testbucket.formats.unittests\bin\debug\net9.0\testbucket.formats.unittests.dll" id="5b0c5e4a-fbcc-3335-8169-2b0ef4a1bd74">
      <Execution id="f9d767d0-8f54-4e6b-a23c-4f757e9d4233" />
      <TestMethod codeBase="D:\local\code\testbucket\tests\TestBucket.Formats.UnitTests\bin\Debug\net9.0\TestBucket.Formats.UnitTests.dll" adapterTypeName="executor://xunit/VsTestRunner2/netcoreapp" className="TestBucket.Formats.UnitTests.JUnit.JUnitSerializerTests" name="Deserialize_WithoutTestSuitesName_RunNameFromFirstSuite" />
    </UnitTest>
    <UnitTest name="TestBucket.Formats.UnitTests.JUnit.JUnitSerializerTests.Deserialize_WithPropertiesOnTest_TwoTestsDeserializedWithCorrectTraits" storage="d:\local\code\testbucket\tests\testbucket.formats.unittests\bin\debug\net9.0\testbucket.formats.unittests.dll" id="22a2cd25-de80-abb1-7151-04384bda213b">
      <Execution id="bcc8ff66-ddbe-4592-a6ed-932189a99438" />
      <TestMethod codeBase="D:\local\code\testbucket\tests\TestBucket.Formats.UnitTests\bin\Debug\net9.0\TestBucket.Formats.UnitTests.dll" adapterTypeName="executor://xunit/VsTestRunner2/netcoreapp" className="TestBucket.Formats.UnitTests.JUnit.JUnitSerializerTests" name="Deserialize_WithPropertiesOnTest_TwoTestsDeserializedWithCorrectTraits" />
    </UnitTest>
    <UnitTest name="TestBucket.Formats.UnitTests.XUnit.XUnitSerializerTests.Deserialize_WithTraitsOnTest_TwoTestsDeserializedWithCorrectTraits" storage="d:\local\code\testbucket\tests\testbucket.formats.unittests\bin\debug\net9.0\testbucket.formats.unittests.dll" id="404fa05c-2817-a913-9558-67b2eea25254">
      <Execution id="ececdc48-82c3-405c-adce-3bc5c0f9e7f7" />
      <TestMethod codeBase="D:\local\code\testbucket\tests\TestBucket.Formats.UnitTests\bin\Debug\net9.0\TestBucket.Formats.UnitTests.dll" adapterTypeName="executor://xunit/VsTestRunner2/netcoreapp" className="TestBucket.Formats.UnitTests.XUnit.XUnitSerializerTests" name="Deserialize_WithTraitsOnTest_TwoTestsDeserializedWithCorrectTraits" />
    </UnitTest>
    <UnitTest name="TestBucket.Formats.UnitTests.XUnit.XUnitSerializerTests.Deserialize_WithTwoTestSuites_TwoRunsDeserializedWithCorrectNames" storage="d:\local\code\testbucket\tests\testbucket.formats.unittests\bin\debug\net9.0\testbucket.formats.unittests.dll" id="800fac40-db60-fe02-c09f-6a85790feb36">
      <Execution id="1b2230e9-e3a0-4472-8bc8-4e8b0bbb46fa" />
      <TestMethod codeBase="D:\local\code\testbucket\tests\TestBucket.Formats.UnitTests\bin\Debug\net9.0\TestBucket.Formats.UnitTests.dll" adapterTypeName="executor://xunit/VsTestRunner2/netcoreapp" className="TestBucket.Formats.UnitTests.XUnit.XUnitSerializerTests" name="Deserialize_WithTwoTestSuites_TwoRunsDeserializedWithCorrectNames" />
    </UnitTest>
  </TestDefinitions>
  <TestEntries>
    <TestEntry testId="800fac40-db60-fe02-c09f-6a85790feb36" executionId="1b2230e9-e3a0-4472-8bc8-4e8b0bbb46fa" testListId="8c84fa94-04c1-424b-9868-57a2d4851a1d" />
    <TestEntry testId="f81c55ef-1548-8c4b-1859-42912c5334fb" executionId="375055ee-1d17-4302-9a66-abfe9fbec38b" testListId="8c84fa94-04c1-424b-9868-57a2d4851a1d" />
    <TestEntry testId="22a2cd25-de80-abb1-7151-04384bda213b" executionId="bcc8ff66-ddbe-4592-a6ed-932189a99438" testListId="8c84fa94-04c1-424b-9868-57a2d4851a1d" />
    <TestEntry testId="5b0c5e4a-fbcc-3335-8169-2b0ef4a1bd74" executionId="f9d767d0-8f54-4e6b-a23c-4f757e9d4233" testListId="8c84fa94-04c1-424b-9868-57a2d4851a1d" />
    <TestEntry testId="404fa05c-2817-a913-9558-67b2eea25254" executionId="ececdc48-82c3-405c-adce-3bc5c0f9e7f7" testListId="8c84fa94-04c1-424b-9868-57a2d4851a1d" />
  </TestEntries>
  <TestLists>
    <TestList name="Results Not in a List" id="8c84fa94-04c1-424b-9868-57a2d4851a1d" />
    <TestList name="All Loaded Results" id="19431567-8539-422a-85d7-44ee4e166bda" />
  </TestLists>
  <ResultSummary outcome="Completed">
    <Counters total="5" executed="5" passed="5" failed="0" error="0" timeout="0" aborted="0" inconclusive="0" passedButRunAborted="0" notRunnable="0" notExecuted="0" disconnected="0" warning="0" completed="0" inProgress="0" pending="0" />
    <Output>
      <StdOut>[xUnit.net 00:00:00.00] xUnit.net VSTest Adapter v2.8.2+699d445a1a (64-bit .NET 9.0.0)&#xD;
[xUnit.net 00:00:00.07]   Discovering: TestBucket.Formats.UnitTests&#xD;
[xUnit.net 00:00:00.12]   Discovered:  TestBucket.Formats.UnitTests&#xD;
[xUnit.net 00:00:00.12]   Starting:    TestBucket.Formats.UnitTests&#xD;
[xUnit.net 00:00:00.19]   Finished:    TestBucket.Formats.UnitTests&#xD;
</StdOut>
    </Output>
  </ResultSummary>
</TestRun>